User ID: 1000, Username: seed executed command LIST At time: Tue Nov 23 23:45:56 2021
User ID: 1000, Username: seed executed command DEL At value: samy At time: Tue Nov 23 23:46:34 2021
User ID: 1000, Username: seed executed command DEL At value: Joseph Seed At time: Tue Nov 23 23:47:09 2021
User ID: 1000, Username: seed executed command ADD At value: John Jones At time: Tue Nov 23 23:50:54 2021
User ID: 1000, Username: seed executed command ADD At value: johnnypc At time: Tue Nov 23 23:51:48 2021
User ID: 1000, Username: seed executed command LIST At time: Wed Nov 24 00:34:11 2021
User ID: 1000, Username: seed executed command LIST At time: Wed Nov 24 00:50:47 2021
User ID: 1002, Username: bob executed command LIST At time: Wed Nov 24 00:51:49 2021
User ID: 1002, Username: bob executed command ADD At value: Bob At time: Wed Nov 24 00:52:08 2021
User ID: 1002, Username: bob executed command LIST At time: Wed Nov 24 00:52:23 2021
User ID: 1000, Username: seed executed command ADD At value: JONES, JOHN PAUL At time: Wed Nov 24 01:01:45 2021
User ID: 1000, Username: seed executed command DEL At value: 833-2343 At time: Wed Nov 24 01:03:36 2021
User ID: 1000, Username: seed executed command LIST At time: Wed Nov 24 01:09:14 2021
User ID: 1000, Username: seed executed command ADD At value: Sephiroth At time: Wed Nov 24 01:12:26 2021
User ID: 1000, Username: seed executed command LIST At time: Wed Nov 24 01:14:37 2021
User ID: 1000, Username: seed executed command LIST At time: Wed Nov 24 01:15:16 2021
User ID: 1000, Username: seed executed command LIST At time: Wed Nov 24 01:17:45 2021
User ID: 1000, Username: seed executed command LIST At time: Wed Nov 24 01:20:51 2021
User ID: 1000, Username: seed executed command LIST At time: Wed Nov 24 01:23:25 2021
User ID: 1000, Username: seed executed command LIST At time: Wed Nov 24 01:24:43 2021
User ID: 1000, Username: seed executed command ADD At value: echelon At time: Wed Nov 24 01:24:59 2021
User ID: 1000, Username: seed executed command ADD At value: johnnyboi At time: Wed Nov 24 01:31:00 2021
User ID: 1000, Username: seed executed command ADD At value: johnnyboitwo At time: Wed Nov 24 01:31:46 2021
User ID: 1000, Username: seed executed command LIST At time: Wed Nov 24 01:31:56 2021
User ID: 1000, Username: seed executed command LIST At time: Wed Nov 24 01:33:13 2021
User ID: 1000, Username: seed executed command ADD At value: bugsBunny At time: Wed Nov 24 01:35:06 2021
User ID: 1000, Username: seed executed command LIST At time: Wed Nov 24 01:35:15 2021
User ID: 1000, Username: seed executed command LIST At time: Wed Nov 24 16:58:07 2021
User ID: 1000, Username: seed executed command LIST At time: Wed Nov 24 17:00:37 2021
User ID: 1000, Username: seed executed command DEL At value: bugsBunny At time: Wed Nov 24 17:00:49 2021
User ID: 1000, Username: seed executed command LIST At time: Wed Nov 24 17:00:55 2021
User ID: 1000, Username: seed executed command LIST At time: Wed Nov 24 17:03:28 2021
User ID: 1000, Username: seed executed command ADD At value: Travis At time: Wed Nov 24 17:04:55 2021
User ID: 1000, Username: seed executed command LIST At time: Wed Nov 24 17:04:59 2021
User ID: 1000, Username: seed executed command ADD At value: Travis At time: Wed Nov 24 17:05:21 2021
User ID: 1000, Username: seed executed command LIST At time: Wed Nov 24 17:05:26 2021
User ID: 1000, Username: seed executed command LIST At time: Wed Nov 24 17:05:38 2021
User ID: 1000, Username: seed executed command LIST At time: Wed Nov 24 17:08:08 2021
User ID: 1001, Username: user1 executed command LIST At time: Wed Nov 24 17:09:54 2021
User ID: 1001, Username: user1 executed command ADD At value: userOne At time: Wed Nov 24 17:11:34 2021
User ID: 1000, Username: seed executed command LIST At time: Wed Nov 24 17:15:34 2021
User ID: 1000, Username: seed executed command DEL At value: 1 670 123 4567 At time: Wed Nov 24 17:15:54 2021
User ID: 1000, Username: seed executed command LIST At time: Wed Nov 24 17:16:10 2021
User ID: 1001, Username: user1 executed command ADD At value: Homer Simpson At time: Wed Nov 24 17:16:42 2021
User ID: 1001, Username: Alice executed command ADD At value: Alice At time: Wed Nov 24 17:19:37 2021
User ID: 1001, Username: Alice executed command LIST At time: Wed Nov 24 17:19:51 2021
User ID: 1002, Username: bob executed command LIST At time: Wed Nov 24 17:20:36 2021
User ID: 1000, Username: seed executed command LIST At time: Wed Nov 24 17:47:48 2021
User ID: 1001, Username: Alice executed command ADD At value: Susan At time: Wed Nov 24 18:03:37 2021
User ID: 1001, Username: Alice executed command LIST At time: Wed Nov 24 18:03:49 2021
User ID: 1002, Username: bob executed command ADD At value: Sephiroth At time: Wed Nov 24 18:04:34 2021
User ID: 1002, Username: bob executed command ADD At value: Cher At time: Wed Nov 24 18:15:06 2021
User ID: 1002, Username: bob executed command ADD At value: Bruce Schneier At time: Wed Nov 24 18:15:17 2021
User ID: 1002, Username: bob executed command ADD At value: Schneier, Bruce Wayne At time: Wed Nov 24 18:15:39 2021
User ID: 1002, Username: bob executed command ADD At value: O'Malley, John F. At time: Wed Nov 24 18:15:58 2021
User ID: 1002, Username: bob executed command ADD At value: O'Malley, John F. At time: Wed Nov 24 18:16:23 2021
User ID: 1000, Username: seed executed command ADD At value: O'Malley, John F. At time: Wed Nov 24 18:17:34 2021
User ID: 1000, Username: seed executed command ADD At value: John Jones At time: Wed Nov 24 23:12:33 2021
User ID: 1000, Username: seed executed command ADD At value: Bruce Schneier At time: Wed Nov 24 23:39:55 2021
User ID: 1000, Username: seed executed command ADD At value: Schneier, Bruce At time: Wed Nov 24 23:39:55 2021
User ID: 1000, Username: seed executed command ADD At value: Schneier, Bruce Wayne At time: Wed Nov 24 23:39:55 2021
User ID: 1000, Username: seed executed command ADD At value: O'Malley, John F. At time: Wed Nov 24 23:39:55 2021
User ID: 1000, Username: seed executed command ADD At value: John O'Malley-Smith At time: Wed Nov 24 23:39:55 2021
User ID: 1000, Username: seed executed command ADD At value: Cher At time: Wed Nov 24 23:39:55 2021
User ID: 1000, Username: seed executed command ADD At value: John At time: Wed Nov 24 23:50:30 2021
User ID: 1000, Username: seed executed command ADD At value: John At time: Wed Nov 24 23:50:30 2021
User ID: 1000, Username: seed executed command ADD At value: John At time: Wed Nov 24 23:50:30 2021
User ID: 1000, Username: seed executed command ADD At value: John At time: Wed Nov 24 23:50:30 2021
User ID: 1000, Username: seed executed command ADD At value: John At time: Wed Nov 24 23:50:30 2021
User ID: 1000, Username: seed executed command ADD At value: John At time: Wed Nov 24 23:50:30 2021
User ID: 1000, Username: seed executed command ADD At value: John At time: Wed Nov 24 23:50:30 2021
User ID: 1000, Username: seed executed command ADD At value: John At time: Wed Nov 24 23:50:30 2021
User ID: 1000, Username: seed executed command ADD At value: John At time: Wed Nov 24 23:50:30 2021
User ID: 1000, Username: seed executed command ADD At value: John At time: Wed Nov 24 23:50:30 2021
User ID: 1000, Username: seed executed command ADD At value: John At time: Wed Nov 24 23:50:30 2021
User ID: 1000, Username: seed executed command ADD At value: John At time: Wed Nov 24 23:50:30 2021
User ID: 1000, Username: seed executed command ADD At value: John At time: Wed Nov 24 23:50:30 2021
User ID: 1000, Username: seed executed command ADD At value: John At time: Wed Nov 24 23:50:30 2021
User ID: 1000, Username: seed executed command ADD At value: John At time: Wed Nov 24 23:50:30 2021
User ID: 1000, Username: seed executed command ADD At value: John At time: Wed Nov 24 23:50:30 2021
User ID: 1000, Username: seed executed command ADD At value: John At time: Wed Nov 24 23:50:30 2021
User ID: 1000, Username: seed executed command ADD At value: John At time: Wed Nov 24 23:50:30 2021
User ID: 1000, Username: seed executed command ADD At value: John At time: Wed Nov 24 23:50:30 2021
User ID: 1000, Username: seed executed command ADD At value: John At time: Wed Nov 24 23:50:30 2021
User ID: 1000, Username: seed executed command ADD At value: John At time: Wed Nov 24 23:50:30 2021
User ID: 1000, Username: seed executed command ADD At value: John At time: Wed Nov 24 23:50:30 2021
User ID: 1000, Username: seed executed command ADD At value: John At time: Wed Nov 24 23:50:30 2021
User ID: 1000, Username: seed executed command ADD At value: John At time: Thu Nov 25 00:04:42 2021
User ID: 1000, Username: seed executed command ADD At value: John At time: Thu Nov 25 00:04:42 2021
User ID: 1000, Username: seed executed command ADD At value: John At time: Thu Nov 25 00:04:42 2021
User ID: 1000, Username: seed executed command ADD At value: John At time: Thu Nov 25 00:04:42 2021
User ID: 1000, Username: seed executed command ADD At value: John At time: Thu Nov 25 00:04:42 2021
User ID: 1000, Username: seed executed command ADD At value: John At time: Thu Nov 25 00:04:42 2021
User ID: 1000, Username: seed executed command ADD At value: John At time: Thu Nov 25 00:04:42 2021
User ID: 1000, Username: seed executed command ADD At value: John At time: Thu Nov 25 00:04:42 2021
User ID: 1000, Username: seed executed command ADD At value: John At time: Thu Nov 25 00:04:42 2021
User ID: 1000, Username: seed executed command ADD At value: John At time: Thu Nov 25 00:04:42 2021
User ID: 1000, Username: seed executed command ADD At value: John At time: Thu Nov 25 00:04:42 2021
User ID: 1000, Username: seed executed command ADD At value: John At time: Thu Nov 25 00:04:42 2021
User ID: 1000, Username: seed executed command ADD At value: John At time: Thu Nov 25 00:04:42 2021
User ID: 1000, Username: seed executed command ADD At value: John At time: Thu Nov 25 00:04:42 2021
User ID: 1000, Username: seed executed command ADD At value: John At time: Thu Nov 25 00:04:42 2021
User ID: 1000, Username: seed executed command ADD At value: John At time: Thu Nov 25 00:04:42 2021
User ID: 1000, Username: seed executed command ADD At value: John At time: Thu Nov 25 00:04:42 2021
User ID: 1000, Username: seed executed command ADD At value: John At time: Thu Nov 25 00:04:42 2021
User ID: 1000, Username: seed executed command ADD At value: John At time: Thu Nov 25 00:04:42 2021
User ID: 1000, Username: seed executed command ADD At value: John At time: Thu Nov 25 00:04:42 2021
User ID: 1000, Username: seed executed command ADD At value: John At time: Thu Nov 25 00:04:42 2021
User ID: 1000, Username: seed executed command ADD At value: John At time: Thu Nov 25 00:04:42 2021
User ID: 1000, Username: seed executed command ADD At value: John At time: Thu Nov 25 00:04:42 2021
User ID: 1000, Username: seed executed command ADD At value: Bruce Schneier At time: Thu Nov 25 00:04:53 2021
User ID: 1000, Username: seed executed command ADD At value: Schneier, Bruce At time: Thu Nov 25 00:04:53 2021
User ID: 1000, Username: seed executed command ADD At value: Schneier, Bruce Wayne At time: Thu Nov 25 00:04:53 2021
User ID: 1000, Username: seed executed command ADD At value: O'Malley, John F. At time: Thu Nov 25 00:04:53 2021
User ID: 1000, Username: seed executed command ADD At value: John O'Malley-Smith At time: Thu Nov 25 00:04:53 2021
User ID: 1000, Username: seed executed command ADD At value: Cher At time: Thu Nov 25 00:04:53 2021
User ID: 1000, Username: seed executed command ADD At value: Bruce Schneier At time: Thu Nov 25 00:05:25 2021
User ID: 1000, Username: seed executed command ADD At value: Schneier, Bruce At time: Thu Nov 25 00:05:25 2021
User ID: 1000, Username: seed executed command ADD At value: Schneier, Bruce Wayne At time: Thu Nov 25 00:05:25 2021
User ID: 1000, Username: seed executed command ADD At value: O'Malley, John F. At time: Thu Nov 25 00:05:25 2021
User ID: 1000, Username: seed executed command ADD At value: John O'Malley-Smith At time: Thu Nov 25 00:05:25 2021
User ID: 1000, Username: seed executed command ADD At value: Cher At time: Thu Nov 25 00:05:25 2021
User ID: 1000, Username: seed executed command ADD At value: John At time: Thu Nov 25 00:05:28 2021
User ID: 1000, Username: seed executed command ADD At value: John At time: Thu Nov 25 00:05:28 2021
User ID: 1000, Username: seed executed command ADD At value: John At time: Thu Nov 25 00:05:28 2021
User ID: 1000, Username: seed executed command ADD At value: John At time: Thu Nov 25 00:05:28 2021
User ID: 1000, Username: seed executed command ADD At value: John At time: Thu Nov 25 00:05:28 2021
User ID: 1000, Username: seed executed command ADD At value: John At time: Thu Nov 25 00:05:28 2021
User ID: 1000, Username: seed executed command ADD At value: John At time: Thu Nov 25 00:05:29 2021
User ID: 1000, Username: seed executed command ADD At value: John At time: Thu Nov 25 00:05:29 2021
User ID: 1000, Username: seed executed command ADD At value: John At time: Thu Nov 25 00:05:29 2021
User ID: 1000, Username: seed executed command ADD At value: John At time: Thu Nov 25 00:05:29 2021
User ID: 1000, Username: seed executed command ADD At value: John At time: Thu Nov 25 00:05:29 2021
User ID: 1000, Username: seed executed command ADD At value: John At time: Thu Nov 25 00:05:29 2021
User ID: 1000, Username: seed executed command ADD At value: John At time: Thu Nov 25 00:05:29 2021
User ID: 1000, Username: seed executed command ADD At value: John At time: Thu Nov 25 00:05:29 2021
User ID: 1000, Username: seed executed command ADD At value: John At time: Thu Nov 25 00:05:29 2021
User ID: 1000, Username: seed executed command ADD At value: John At time: Thu Nov 25 00:05:29 2021
User ID: 1000, Username: seed executed command ADD At value: John At time: Thu Nov 25 00:05:29 2021
User ID: 1000, Username: seed executed command ADD At value: John At time: Thu Nov 25 00:05:29 2021
User ID: 1000, Username: seed executed command ADD At value: John At time: Thu Nov 25 00:05:29 2021
User ID: 1000, Username: seed executed command ADD At value: John At time: Thu Nov 25 00:05:29 2021
User ID: 1000, Username: seed executed command ADD At value: John At time: Thu Nov 25 00:05:29 2021
User ID: 1000, Username: seed executed command ADD At value: John At time: Thu Nov 25 00:05:29 2021
User ID: 1000, Username: seed executed command ADD At value: John At time: Thu Nov 25 00:05:29 2021
User ID: 1000, Username: seed executed command LIST At time: Mon Nov 29 20:11:16 2021
